{
  "RSpec": {
    "coverage": {
      "E:/VU/semestras7/Ruby/2uzd/BTsystem/entities/owner.rb": [
        1,
        1,
        1,
        null,
        null,
        1,
        1,
        22,
        22,
        null,
        null,
        1,
        null,
        1,
        1,
        1,
        1,
        null,
        null,
        1,
        28,
        null,
        null,
        1,
        3,
        null,
        null,
        1,
        2,
        null,
        null,
        1,
        2,
        null,
        null,
        1,
        6,
        null,
        null,
        1,
        1,
        null,
        null,
        1,
        null,
        1,
        22,
        9,
        null,
        null
      ],
      "E:/VU/semestras7/Ruby/2uzd/BTsystem/entities/team.rb": [
        1,
        null,
        null,
        1,
        1,
        30,
        30,
        30,
        30,
        null,
        null,
        1,
        2,
        null,
        1,
        null,
        1,
        9,
        null,
        null,
        1,
        3,
        null,
        null,
        1,
        null,
        1,
        9,
        2,
        2,
        null,
        null,
        7,
        null,
        null
      ],
      "E:/VU/semestras7/Ruby/2uzd/BTsystem/entities/coach.rb": [
        1,
        null,
        null,
        1,
        1,
        7,
        7,
        null,
        1,
        null
      ],
      "E:/VU/semestras7/Ruby/2uzd/BTsystem/entities/person.rb": [
        1,
        null,
        null,
        1,
        1,
        29,
        29,
        29,
        29,
        null,
        1,
        null,
        1,
        2,
        null,
        null,
        1,
        2,
        null,
        null
      ],
      "E:/VU/semestras7/Ruby/2uzd/BTsystem/entities/contact.rb": [
        null,
        1,
        1,
        1,
        1,
        29,
        29,
        null,
        null,
        1,
        2,
        null,
        null,
        1,
        2,
        null,
        null,
        1,
        null
      ],
      "E:/VU/semestras7/Ruby/2uzd/BTsystem/repo/yaml_repo.rb": [
        1,
        1,
        null,
        1,
        1,
        null,
        null,
        1,
        10,
        null,
        null,
        1,
        6,
        15,
        3,
        null,
        null,
        3,
        null,
        null,
        1,
        1,
        1,
        2,
        1,
        1,
        1,
        null,
        1,
        null,
        null,
        null,
        1,
        2,
        1,
        1,
        1,
        null,
        1,
        null,
        null,
        null,
        1,
        2,
        2,
        2,
        2,
        1,
        1,
        1,
        1,
        1,
        null,
        1,
        null,
        null,
        null,
        1,
        2,
        2,
        2,
        2,
        0,
        0,
        0,
        0,
        0,
        0,
        null,
        0,
        null,
        null
      ],
      "E:/VU/semestras7/Ruby/2uzd/BTsystem/spec/team_spec.rb": [
        1,
        null,
        1,
        1,
        2,
        null,
        null,
        1,
        2,
        null,
        null,
        1,
        1,
        1,
        null,
        null,
        1,
        1,
        1,
        1,
        null,
        null
      ],
      "E:/VU/semestras7/Ruby/2uzd/BTsystem/spec/yaml_repo_spec.rb": [
        1,
        null,
        1,
        12,
        null,
        1,
        2,
        2,
        1,
        1,
        null,
        null,
        1,
        1,
        1,
        null,
        null,
        null,
        1,
        4,
        4,
        1,
        10,
        10,
        null,
        4,
        null,
        1,
        1,
        null,
        null,
        1,
        1,
        1,
        null,
        null,
        1,
        1,
        1,
        null,
        null,
        1,
        null,
        1,
        1,
        2,
        null,
        null,
        1,
        1,
        2,
        null,
        null,
        1,
        1,
        2,
        null,
        null,
        1,
        1,
        2,
        null,
        null,
        null,
        1,
        null,
        1,
        1,
        2,
        null,
        null,
        1,
        1,
        1,
        2,
        null,
        null,
        null,
        1,
        null,
        1,
        1,
        1,
        2,
        null,
        null,
        1,
        1,
        2,
        null,
        null,
        null,
        null
      ]
    },
    "timestamp": 1476887010
  }
}
