{
  "RSpec": {
    "coverage": {
      "E:/VU/semestras7/Ruby/2uzd/BTsystem/owner.rb": [
        1,
        1,
        1,
        null,
        null,
        1,
        1,
        1,
        1,
        10,
        10,
        10,
        10,
        null,
        null,
        1,
        2,
        null,
        null,
        1,
        2,
        null,
        null,
        null,
        1,
        null,
        1,
        1,
        1,
        1,
        null,
        null,
        1,
        6,
        null,
        null,
        1,
        3,
        null,
        null,
        1,
        1,
        null,
        null,
        1,
        2,
        null,
        null,
        1,
        1,
        null,
        null,
        1,
        1,
        null,
        null,
        1,
        null,
        1,
        6,
        3,
        null,
        null
      ],
      "E:/VU/semestras7/Ruby/2uzd/BTsystem/team.rb": [
        1,
        null,
        null,
        1,
        1,
        7,
        7,
        7,
        7,
        null,
        null,
        1,
        1,
        null,
        1,
        null,
        1,
        2,
        null,
        null,
        1,
        2,
        null,
        null
      ],
      "E:/VU/semestras7/Ruby/2uzd/BTsystem/coach.rb": [
        1,
        null,
        null,
        1,
        1,
        2,
        2,
        null,
        1,
        null
      ],
      "E:/VU/semestras7/Ruby/2uzd/BTsystem/person.rb": [
        null,
        1,
        1,
        12,
        12,
        12,
        null,
        1,
        null
      ],
      "E:/VU/semestras7/Ruby/2uzd/BTsystem/spec/team_spec.rb": [
        1,
        null,
        1,
        1,
        1,
        null,
        null,
        1,
        1,
        null,
        null,
        1,
        1,
        1,
        null,
        null
      ]
    },
    "timestamp": 1476205157
  }
}
